[[1, 4, 0, 1], [2, 6, 2, 1], [3, 7, 1, 1], [4, 7, 3, 1]]
[1, 4, 0, 1]
request submitted 0 ILSVRC2012_val_00025909.JPEG
request submitted 0 ILSVRC2012_val_00022165.JPEG
[2, 6, 2, 1]
request submitted 2 ILSVRC2012_val_00042088.JPEG
request submitted 2 ILSVRC2012_val_00004806.JPEG
[3, 7, 1, 1]
request submitted 1 ILSVRC2012_val_00012980.JPEG
request submitted 1 ILSVRC2012_val_00036839.JPEG
[4, 7, 3, 1]
request submitted 3 ILSVRC2012_val_00039677.JPEG
request submitted 3 ILSVRC2012_val_00012543.JPEG
[1, 4, 0, 1]
request submitted 0 ILSVRC2012_val_00048751.JPEG
request submitted 0 ILSVRC2012_val_00033489.JPEG
[2, 6, 2, 1]
request submitted 2 ILSVRC2012_val_00032312.JPEG
request submitted 2 ILSVRC2012_val_00030357.JPEG
[3, 7, 1, 1]
request submitted 1 ILSVRC2012_val_00043896.JPEG
request submitted 1 ILSVRC2012_val_00044158.JPEG
[4, 7, 3, 1]
request submitted 3 ILSVRC2012_val_00027354.JPEG
request submitted 3 ILSVRC2012_val_00048078.JPEG
[1, 4, 0, 1]
request submitted 0 ILSVRC2012_val_00045349.JPEG
request submitted 0 ILSVRC2012_val_00007367.JPEG
[2, 6, 2, 1]
request submitted 2 ILSVRC2012_val_00033538.JPEG
request submitted 2 ILSVRC2012_val_00008831.JPEG
[3, 7, 1, 1]
request submitted 1 ILSVRC2012_val_00001866.JPEG
request submitted 1 ILSVRC2012_val_00047881.JPEG
[4, 7, 3, 1]
request submitted 3 ILSVRC2012_val_00022108.JPEG
request submitted 3 ILSVRC2012_val_00006690.JPEG
[1, 4, 0, 1]
request submitted 0 ILSVRC2012_val_00032106.JPEG
request submitted 0 ILSVRC2012_val_00009689.JPEG
[2, 6, 2, 1]
request submitted 2 ILSVRC2012_val_00024755.JPEG
request submitted 2 ILSVRC2012_val_00038181.JPEG
[3, 7, 1, 1]
request submitted 1 ILSVRC2012_val_00032344.JPEG
request submitted 1 ILSVRC2012_val_00044912.JPEG
[4, 7, 3, 1]
request submitted 3 ILSVRC2012_val_00023308.JPEG
request submitted 3 ILSVRC2012_val_00000443.JPEG
[1, 4, 0, 1]
request submitted 0 ILSVRC2012_val_00028027.JPEG
request submitted 0 ILSVRC2012_val_00041087.JPEG
[2, 6, 2, 1]
request submitted 2 ILSVRC2012_val_00003193.JPEG
request submitted 2 ILSVRC2012_val_00021018.JPEG
[3, 7, 1, 1]
request submitted 1 ILSVRC2012_val_00004365.JPEG
request submitted 1 ILSVRC2012_val_00038071.JPEG
[4, 7, 3, 1]
request submitted 3 ILSVRC2012_val_00002458.JPEG
request submitted 3 ILSVRC2012_val_00025184.JPEG
[1, 4, 0, 1]
request submitted 0 ILSVRC2012_val_00045268.JPEG
request submitted 0 ILSVRC2012_val_00024681.JPEG
[2, 6, 2, 1]
request submitted 2 ILSVRC2012_val_00035135.JPEG
request submitted 2 ILSVRC2012_val_00005454.JPEG
[3, 7, 1, 1]
request submitted 1 ILSVRC2012_val_00043244.JPEG
request submitted 1 ILSVRC2012_val_00019402.JPEG
[4, 7, 3, 1]
request submitted 3 ILSVRC2012_val_00031475.JPEG
request submitted 3 ILSVRC2012_val_00003838.JPEG
[1, 4, 0, 1]
request submitted 0 ILSVRC2012_val_00045124.JPEG
request submitted 0 ILSVRC2012_val_00010345.JPEG
[2, 6, 2, 1]
request submitted 2 ILSVRC2012_val_00022838.JPEG
request submitted 2 ILSVRC2012_val_00001713.JPEG
[3, 7, 1, 1]
request submitted 1 ILSVRC2012_val_00000685.JPEG
request submitted 1 ILSVRC2012_val_00045696.JPEG
[4, 7, 3, 1]
request submitted 3 ILSVRC2012_val_00046298.JPEG
request submitted 3 ILSVRC2012_val_00034745.JPEG
[1, 4, 0, 1]
request submitted 0 ILSVRC2012_val_00019856.JPEG
request submitted 0 ILSVRC2012_val_00023037.JPEG
[2, 6, 2, 1]
request submitted 2 ILSVRC2012_val_00026151.JPEG
request submitted 2 ILSVRC2012_val_00028525.JPEG
[3, 7, 1, 1]
request submitted 1 ILSVRC2012_val_00012389.JPEG
request submitted 1 ILSVRC2012_val_00022954.JPEG
[4, 7, 3, 1]
request submitted 3 ILSVRC2012_val_00015572.JPEG
request submitted 3 ILSVRC2012_val_00004346.JPEG
[1, 4, 0, 1]
request submitted 0 ILSVRC2012_val_00021566.JPEG
request submitted 0 ILSVRC2012_val_00000542.JPEG
[2, 6, 2, 1]
request submitted 2 ILSVRC2012_val_00002526.JPEG
request submitted 2 ILSVRC2012_val_00034714.JPEG
[3, 7, 1, 1]
request submitted 1 ILSVRC2012_val_00000925.JPEG
request submitted 1 ILSVRC2012_val_00043981.JPEG
[4, 7, 3, 1]
request submitted 3 ILSVRC2012_val_00043909.JPEG
request submitted 3 ILSVRC2012_val_00024961.JPEG
[1, 4, 0, 1]
request submitted 0 ILSVRC2012_val_00017632.JPEG
request submitted 0 ILSVRC2012_val_00010717.JPEG
[2, 6, 2, 1]
request submitted 2 ILSVRC2012_val_00035571.JPEG
request submitted 2 ILSVRC2012_val_00012005.JPEG
[3, 7, 1, 1]
request submitted 1 ILSVRC2012_val_00019110.JPEG
request submitted 1 ILSVRC2012_val_00008295.JPEG
[4, 7, 3, 1]
request submitted 3 ILSVRC2012_val_00029456.JPEG
request submitted 3 ILSVRC2012_val_00018596.JPEG
[1, 4, 0, 1]
request submitted 0 ILSVRC2012_val_00013372.JPEG
request submitted 0 ILSVRC2012_val_00020063.JPEG
[2, 6, 2, 1]
request submitted 2 ILSVRC2012_val_00009078.JPEG
request submitted 2 ILSVRC2012_val_00041684.JPEG
[3, 7, 1, 1]
request submitted 1 ILSVRC2012_val_00016817.JPEG
request submitted 1 ILSVRC2012_val_00023515.JPEG
[4, 7, 3, 1]
request submitted 3 ILSVRC2012_val_00003471.JPEG
request submitted 3 ILSVRC2012_val_00003107.JPEG
[1, 4, 0, 1]
request submitted 0 ILSVRC2012_val_00018122.JPEG
request submitted 0 ILSVRC2012_val_00007439.JPEG
[2, 6, 2, 1]
request submitted 2 ILSVRC2012_val_00044231.JPEG
request submitted 2 ILSVRC2012_val_00016275.JPEG
[3, 7, 1, 1]
request submitted 1 ILSVRC2012_val_00010548.JPEG
request submitted 1 ILSVRC2012_val_00003621.JPEG
[4, 7, 3, 1]
request submitted 3 ILSVRC2012_val_00043686.JPEG
request submitted 3 ILSVRC2012_val_00037331.JPEG
[1, 4, 0, 1]
request submitted 0 ILSVRC2012_val_00036085.JPEG
request submitted 0 ILSVRC2012_val_00015700.JPEG
[2, 6, 2, 1]
request submitted 2 ILSVRC2012_val_00003269.JPEG
request submitted 2 ILSVRC2012_val_00002230.JPEG
[3, 7, 1, 1]
request submitted 1 ILSVRC2012_val_00003446.JPEG
request submitted 1 ILSVRC2012_val_00001523.JPEG
[4, 7, 3, 1]
request submitted 3 ILSVRC2012_val_00032481.JPEG
request submitted 3 ILSVRC2012_val_00023942.JPEG
[1, 4, 0, 1]
request submitted 0 ILSVRC2012_val_00017108.JPEG
request submitted 0 ILSVRC2012_val_00043468.JPEG
[2, 6, 2, 1]
request submitted 2 ILSVRC2012_val_00030582.JPEG
request submitted 2 ILSVRC2012_val_00018944.JPEG
[3, 7, 1, 1]
request submitted 1 ILSVRC2012_val_00045338.JPEG
request submitted 1 ILSVRC2012_val_00042308.JPEG
[4, 7, 3, 1]
request submitted 3 ILSVRC2012_val_00024890.JPEG
request submitted 3 ILSVRC2012_val_00000184.JPEG
[1, 4, 0, 1]
request submitted 0 ILSVRC2012_val_00026207.JPEG
request submitted 0 ILSVRC2012_val_00033895.JPEG
[2, 6, 2, 1]
request submitted 2 ILSVRC2012_val_00008442.JPEG
request submitted 2 ILSVRC2012_val_00043241.JPEG
[3, 7, 1, 1]
request submitted 1 ILSVRC2012_val_00036375.JPEG
request submitted 1 ILSVRC2012_val_00049182.JPEG
[4, 7, 3, 1]
request submitted 3 ILSVRC2012_val_00036158.JPEG
request submitted 3 ILSVRC2012_val_00005821.JPEG
[1, 4, 0, 1]
request submitted 0 ILSVRC2012_val_00039090.JPEG
request submitted 0 ILSVRC2012_val_00012915.JPEG
[2, 6, 2, 1]
request submitted 2 ILSVRC2012_val_00037467.JPEG
request submitted 2 ILSVRC2012_val_00049571.JPEG
[3, 7, 1, 1]
request submitted 1 ILSVRC2012_val_00028877.JPEG
request submitted 1 ILSVRC2012_val_00024279.JPEG
[4, 7, 3, 1]
request submitted 3 ILSVRC2012_val_00022029.JPEG
request submitted 3 ILSVRC2012_val_00030225.JPEG
[1, 4, 0, 1]
request submitted 0 ILSVRC2012_val_00033346.JPEG
request submitted 0 ILSVRC2012_val_00045541.JPEG
[2, 6, 2, 1]
request submitted 2 ILSVRC2012_val_00017163.JPEG
request submitted 2 ILSVRC2012_val_00002225.JPEG
[3, 7, 1, 1]
request submitted 1 ILSVRC2012_val_00004363.JPEG
request submitted 1 ILSVRC2012_val_00041830.JPEG
[4, 7, 3, 1]
request submitted 3 ILSVRC2012_val_00001274.JPEG
request submitted 3 ILSVRC2012_val_00030434.JPEG
[1, 4, 0, 1]
request submitted 0 ILSVRC2012_val_00018645.JPEG
request submitted 0 ILSVRC2012_val_00030631.JPEG
[2, 6, 2, 1]
request submitted 2 ILSVRC2012_val_00038152.JPEG
request submitted 2 ILSVRC2012_val_00001282.JPEG
[3, 7, 1, 1]
request submitted 1 ILSVRC2012_val_00031330.JPEG
request submitted 1 ILSVRC2012_val_00002923.JPEG
[4, 7, 3, 1]
request submitted 3 ILSVRC2012_val_00033060.JPEG
request submitted 3 ILSVRC2012_val_00048840.JPEG
[1, 4, 0, 1]
request submitted 0 ILSVRC2012_val_00029327.JPEG
request submitted 0 ILSVRC2012_val_00015870.JPEG
[2, 6, 2, 1]
request submitted 2 ILSVRC2012_val_00038947.JPEG
request submitted 2 ILSVRC2012_val_00010438.JPEG
[3, 7, 1, 1]
request submitted 1 ILSVRC2012_val_00028570.JPEG
request submitted 1 ILSVRC2012_val_00013729.JPEG
[4, 7, 3, 1]
request submitted 3 ILSVRC2012_val_00019617.JPEG
request submitted 3 ILSVRC2012_val_00021745.JPEG
[1, 4, 0, 1]
request submitted 0 ILSVRC2012_val_00004188.JPEG
request submitted 0 ILSVRC2012_val_00040477.JPEG
[2, 6, 2, 1]
request submitted 2 ILSVRC2012_val_00048388.JPEG
request submitted 2 ILSVRC2012_val_00047928.JPEG
[3, 7, 1, 1]
request submitted 1 ILSVRC2012_val_00023351.JPEG
request submitted 1 ILSVRC2012_val_00022027.JPEG
[4, 7, 3, 1]
request submitted 3 ILSVRC2012_val_00025756.JPEG
request submitted 3 ILSVRC2012_val_00004936.JPEG
[1, 4, 0, 1]
request submitted 0 ILSVRC2012_val_00030047.JPEG
request submitted 0 ILSVRC2012_val_00012452.JPEG
[2, 6, 2, 1]
request submitted 2 ILSVRC2012_val_00025865.JPEG
request submitted 2 ILSVRC2012_val_00023239.JPEG
[3, 7, 1, 1]
request submitted 1 ILSVRC2012_val_00016565.JPEG
request submitted 1 ILSVRC2012_val_00036616.JPEG
[4, 7, 3, 1]
request submitted 3 ILSVRC2012_val_00031432.JPEG
request submitted 3 ILSVRC2012_val_00030992.JPEG
[1, 4, 0, 1]
request submitted 0 ILSVRC2012_val_00043285.JPEG
request submitted 0 ILSVRC2012_val_00001827.JPEG
[2, 6, 2, 1]
request submitted 2 ILSVRC2012_val_00035526.JPEG
request submitted 2 ILSVRC2012_val_00038013.JPEG
[3, 7, 1, 1]
request submitted 1 ILSVRC2012_val_00018570.JPEG
request submitted 1 ILSVRC2012_val_00030273.JPEG
[4, 7, 3, 1]
request submitted 3 ILSVRC2012_val_00016380.JPEG
request submitted 3 ILSVRC2012_val_00011035.JPEG
[1, 4, 0, 1]
request submitted 0 ILSVRC2012_val_00039462.JPEG
request submitted 0 ILSVRC2012_val_00014764.JPEG
[2, 6, 2, 1]
request submitted 2 ILSVRC2012_val_00002326.JPEG
request submitted 2 ILSVRC2012_val_00037440.JPEG
[3, 7, 1, 1]
request submitted 1 ILSVRC2012_val_00030535.JPEG
request submitted 1 ILSVRC2012_val_00018127.JPEG
[4, 7, 3, 1]
request submitted 3 ILSVRC2012_val_00041582.JPEG
request submitted 3 ILSVRC2012_val_00033814.JPEG
[1, 4, 0, 1]
request submitted 0 ILSVRC2012_val_00049033.JPEG
request submitted 0 ILSVRC2012_val_00031651.JPEG
[2, 6, 2, 1]
request submitted 2 ILSVRC2012_val_00008376.JPEG
request submitted 2 ILSVRC2012_val_00002635.JPEG
[3, 7, 1, 1]
request submitted 1 ILSVRC2012_val_00040392.JPEG
request submitted 1 ILSVRC2012_val_00036386.JPEG
[4, 7, 3, 1]
request submitted 3 ILSVRC2012_val_00034438.JPEG
request submitted 3 ILSVRC2012_val_00028128.JPEG
[1, 4, 0, 1]
request submitted 0 ILSVRC2012_val_00021054.JPEG
request submitted 0 ILSVRC2012_val_00019894.JPEG
[2, 6, 2, 1]
request submitted 2 ILSVRC2012_val_00007740.JPEG
request submitted 2 ILSVRC2012_val_00038091.JPEG
[3, 7, 1, 1]
request submitted 1 ILSVRC2012_val_00014019.JPEG
request submitted 1 ILSVRC2012_val_00000713.JPEG
[4, 7, 3, 1]
request submitted 3 ILSVRC2012_val_00011156.JPEG
request submitted 3 ILSVRC2012_val_00031824.JPEG
[1, 4, 0, 1]
request submitted 0 ILSVRC2012_val_00032445.JPEG
request submitted 0 ILSVRC2012_val_00030027.JPEG
[2, 6, 2, 1]
request submitted 2 ILSVRC2012_val_00025938.JPEG
request submitted 2 ILSVRC2012_val_00016641.JPEG
[3, 7, 1, 1]
request submitted 1 ILSVRC2012_val_00042989.JPEG
request submitted 1 ILSVRC2012_val_00009675.JPEG
[4, 7, 3, 1]
request submitted 3 ILSVRC2012_val_00008464.JPEG
request submitted 3 ILSVRC2012_val_00021693.JPEG
[1, 4, 0, 1]
request submitted 0 ILSVRC2012_val_00021783.JPEG
request submitted 0 ILSVRC2012_val_00041006.JPEG
[2, 6, 2, 1]
request submitted 2 ILSVRC2012_val_00049615.JPEG
request submitted 2 ILSVRC2012_val_00049460.JPEG
[3, 7, 1, 1]
request submitted 1 ILSVRC2012_val_00004522.JPEG
request submitted 1 ILSVRC2012_val_00028227.JPEG
[4, 7, 3, 1]
request submitted 3 ILSVRC2012_val_00038201.JPEG
request submitted 3 ILSVRC2012_val_00014933.JPEG
[1, 4, 0, 1]
request submitted 0 ILSVRC2012_val_00022236.JPEG
request submitted 0 ILSVRC2012_val_00038083.JPEG
[2, 6, 2, 1]
request submitted 2 ILSVRC2012_val_00025387.JPEG
request submitted 2 ILSVRC2012_val_00043620.JPEG
[3, 7, 1, 1]
request submitted 1 ILSVRC2012_val_00005644.JPEG
request submitted 1 ILSVRC2012_val_00019137.JPEG
[4, 7, 3, 1]
request submitted 3 ILSVRC2012_val_00000534.JPEG
request submitted 3 ILSVRC2012_val_00039282.JPEG
[1, 4, 0, 1]
request submitted 0 ILSVRC2012_val_00038917.JPEG
request submitted 0 ILSVRC2012_val_00031174.JPEG
[2, 6, 2, 1]
request submitted 2 ILSVRC2012_val_00016885.JPEG
request submitted 2 ILSVRC2012_val_00027193.JPEG
[3, 7, 1, 1]
request submitted 1 ILSVRC2012_val_00030795.JPEG
request submitted 1 ILSVRC2012_val_00018196.JPEG
[4, 7, 3, 1]
request submitted 3 ILSVRC2012_val_00036297.JPEG
request submitted 3 ILSVRC2012_val_00020016.JPEG
[1, 4, 0, 1]
request submitted 0 ILSVRC2012_val_00028311.JPEG
request submitted 0 ILSVRC2012_val_00036185.JPEG
[2, 6, 2, 1]
request submitted 2 ILSVRC2012_val_00009317.JPEG
request submitted 2 ILSVRC2012_val_00015631.JPEG
[3, 7, 1, 1]
request submitted 1 ILSVRC2012_val_00036632.JPEG
request submitted 1 ILSVRC2012_val_00046649.JPEG
[4, 7, 3, 1]
request submitted 3 ILSVRC2012_val_00017314.JPEG
request submitted 3 ILSVRC2012_val_00005482.JPEG
[1, 4, 0, 1]
request submitted 0 ILSVRC2012_val_00010938.JPEG
request submitted 0 ILSVRC2012_val_00002451.JPEG
[2, 6, 2, 1]
request submitted 2 ILSVRC2012_val_00036330.JPEG
request submitted 2 ILSVRC2012_val_00045825.JPEG
[3, 7, 1, 1]
request submitted 1 ILSVRC2012_val_00030424.JPEG
request submitted 1 ILSVRC2012_val_00008015.JPEG
[4, 7, 3, 1]
request submitted 3 ILSVRC2012_val_00008616.JPEG
request submitted 3 ILSVRC2012_val_00023661.JPEG
[1, 4, 0, 1]
request submitted 0 ILSVRC2012_val_00016743.JPEG
request submitted 0 ILSVRC2012_val_00047062.JPEG
[2, 6, 2, 1]
request submitted 2 ILSVRC2012_val_00010348.JPEG
request submitted 2 ILSVRC2012_val_00001514.JPEG
[3, 7, 1, 1]
request submitted 1 ILSVRC2012_val_00011196.JPEG
request submitted 1 ILSVRC2012_val_00018785.JPEG
[4, 7, 3, 1]
request submitted 3 ILSVRC2012_val_00048170.JPEG
request submitted 3 ILSVRC2012_val_00049132.JPEG
[1, 4, 0, 1]
request submitted 0 ILSVRC2012_val_00017128.JPEG
request submitted 0 ILSVRC2012_val_00024847.JPEG
[2, 6, 2, 1]
request submitted 2 ILSVRC2012_val_00010020.JPEG
request submitted 2 ILSVRC2012_val_00034313.JPEG
[3, 7, 1, 1]
request submitted 1 ILSVRC2012_val_00038033.JPEG
request submitted 1 ILSVRC2012_val_00002984.JPEG
[4, 7, 3, 1]
request submitted 3 ILSVRC2012_val_00014665.JPEG
request submitted 3 ILSVRC2012_val_00024301.JPEG
[1, 4, 0, 1]
request submitted 0 ILSVRC2012_val_00005067.JPEG
request submitted 0 ILSVRC2012_val_00039517.JPEG
[2, 6, 2, 1]
request submitted 2 ILSVRC2012_val_00037009.JPEG
request submitted 2 ILSVRC2012_val_00048036.JPEG
[3, 7, 1, 1]
request submitted 1 ILSVRC2012_val_00044441.JPEG
request submitted 1 ILSVRC2012_val_00015316.JPEG
[4, 7, 3, 1]
request submitted 3 ILSVRC2012_val_00043910.JPEG
request submitted 3 ILSVRC2012_val_00039937.JPEG
[1, 4, 0, 1]
request submitted 0 ILSVRC2012_val_00030964.JPEG
request submitted 0 ILSVRC2012_val_00027803.JPEG
[2, 6, 2, 1]
request submitted 2 ILSVRC2012_val_00004692.JPEG
request submitted 2 ILSVRC2012_val_00019136.JPEG
[3, 7, 1, 1]
request submitted 1 ILSVRC2012_val_00008693.JPEG
request submitted 1 ILSVRC2012_val_00008778.JPEG
[4, 7, 3, 1]
request submitted 3 ILSVRC2012_val_00004447.JPEG
request submitted 3 ILSVRC2012_val_00022766.JPEG
[1, 4, 0, 1]
request submitted 0 ILSVRC2012_val_00021496.JPEG
request submitted 0 ILSVRC2012_val_00024084.JPEG
[2, 6, 2, 1]
request submitted 2 ILSVRC2012_val_00015561.JPEG
request submitted 2 ILSVRC2012_val_00000634.JPEG
[3, 7, 1, 1]
request submitted 1 ILSVRC2012_val_00024433.JPEG
request submitted 1 ILSVRC2012_val_00031180.JPEG
[4, 7, 3, 1]
request submitted 3 ILSVRC2012_val_00034762.JPEG
request submitted 3 ILSVRC2012_val_00047772.JPEG
[1, 4, 0, 1]
request submitted 0 ILSVRC2012_val_00007054.JPEG
request submitted 0 ILSVRC2012_val_00030905.JPEG
[2, 6, 2, 1]
request submitted 2 ILSVRC2012_val_00016896.JPEG
request submitted 2 ILSVRC2012_val_00039928.JPEG
[3, 7, 1, 1]
request submitted 1 ILSVRC2012_val_00023281.JPEG
request submitted 1 ILSVRC2012_val_00045906.JPEG
[4, 7, 3, 1]
request submitted 3 ILSVRC2012_val_00006014.JPEG
request submitted 3 ILSVRC2012_val_00020228.JPEG
[1, 4, 0, 1]
request submitted 0 ILSVRC2012_val_00029404.JPEG
request submitted 0 ILSVRC2012_val_00027454.JPEG
[2, 6, 2, 1]
request submitted 2 ILSVRC2012_val_00046743.JPEG
request submitted 2 ILSVRC2012_val_00002514.JPEG
[3, 7, 1, 1]
request submitted 1 ILSVRC2012_val_00049282.JPEG
request submitted 1 ILSVRC2012_val_00029433.JPEG
[4, 7, 3, 1]
request submitted 3 ILSVRC2012_val_00007878.JPEG
request submitted 3 ILSVRC2012_val_00024030.JPEG
[1, 4, 0, 1]
request submitted 0 ILSVRC2012_val_00034169.JPEG
request submitted 0 ILSVRC2012_val_00047564.JPEG
[2, 6, 2, 1]
request submitted 2 ILSVRC2012_val_00003117.JPEG
request submitted 2 ILSVRC2012_val_00000936.JPEG
[3, 7, 1, 1]
request submitted 1 ILSVRC2012_val_00043456.JPEG
request submitted 1 ILSVRC2012_val_00026833.JPEG
[4, 7, 3, 1]
request submitted 3 ILSVRC2012_val_00038878.JPEG
request submitted 3 ILSVRC2012_val_00042643.JPEG
[1, 4, 0, 1]
request submitted 0 ILSVRC2012_val_00033500.JPEG
request submitted 0 ILSVRC2012_val_00032203.JPEG
[2, 6, 2, 1]
request submitted 2 ILSVRC2012_val_00048694.JPEG
request submitted 2 ILSVRC2012_val_00041511.JPEG
[3, 7, 1, 1]
request submitted 1 ILSVRC2012_val_00017740.JPEG
request submitted 1 ILSVRC2012_val_00039615.JPEG
[4, 7, 3, 1]
request submitted 3 ILSVRC2012_val_00022522.JPEG
request submitted 3 ILSVRC2012_val_00017291.JPEG
[1, 4, 0, 1]
request submitted 0 ILSVRC2012_val_00026746.JPEG
request submitted 0 ILSVRC2012_val_00004771.JPEG
[2, 6, 2, 1]
request submitted 2 ILSVRC2012_val_00045854.JPEG
request submitted 2 ILSVRC2012_val_00020803.JPEG
[3, 7, 1, 1]
request submitted 1 ILSVRC2012_val_00039548.JPEG
request submitted 1 ILSVRC2012_val_00046160.JPEG
[4, 7, 3, 1]
request submitted 3 ILSVRC2012_val_00007358.JPEG
request submitted 3 ILSVRC2012_val_00006081.JPEG
[1, 4, 0, 1]
request submitted 0 ILSVRC2012_val_00014719.JPEG
request submitted 0 ILSVRC2012_val_00031640.JPEG
[2, 6, 2, 1]
request submitted 2 ILSVRC2012_val_00043607.JPEG
request submitted 2 ILSVRC2012_val_00045477.JPEG
[3, 7, 1, 1]
request submitted 1 ILSVRC2012_val_00007767.JPEG
request submitted 1 ILSVRC2012_val_00045231.JPEG
[4, 7, 3, 1]
request submitted 3 ILSVRC2012_val_00001711.JPEG
request submitted 3 ILSVRC2012_val_00040078.JPEG
[1, 4, 0, 1]
request submitted 0 ILSVRC2012_val_00027512.JPEG
request submitted 0 ILSVRC2012_val_00020060.JPEG
[2, 6, 2, 1]
request submitted 2 ILSVRC2012_val_00036356.JPEG
request submitted 2 ILSVRC2012_val_00020973.JPEG
[3, 7, 1, 1]
request submitted 1 ILSVRC2012_val_00003168.JPEG
request submitted 1 ILSVRC2012_val_00035671.JPEG
[4, 7, 3, 1]
request submitted 3 ILSVRC2012_val_00023959.JPEG
request submitted 3 ILSVRC2012_val_00028939.JPEG
[1, 4, 0, 1]
request submitted 0 ILSVRC2012_val_00041994.JPEG
request submitted 0 ILSVRC2012_val_00019507.JPEG
[2, 6, 2, 1]
request submitted 2 ILSVRC2012_val_00041592.JPEG
request submitted 2 ILSVRC2012_val_00020865.JPEG
[3, 7, 1, 1]
request submitted 1 ILSVRC2012_val_00041992.JPEG
request submitted 1 ILSVRC2012_val_00002706.JPEG
[4, 7, 3, 1]
request submitted 3 ILSVRC2012_val_00041058.JPEG
request submitted 3 ILSVRC2012_val_00035483.JPEG
[1, 4, 0, 1]
request submitted 0 ILSVRC2012_val_00018879.JPEG
request submitted 0 ILSVRC2012_val_00002379.JPEG
[2, 6, 2, 1]
request submitted 2 ILSVRC2012_val_00042898.JPEG
request submitted 2 ILSVRC2012_val_00047485.JPEG
[3, 7, 1, 1]
request submitted 1 ILSVRC2012_val_00045504.JPEG
request submitted 1 ILSVRC2012_val_00012147.JPEG
[4, 7, 3, 1]
request submitted 3 ILSVRC2012_val_00026845.JPEG
request submitted 3 ILSVRC2012_val_00014984.JPEG
[1, 4, 0, 1]
request submitted 0 ILSVRC2012_val_00032504.JPEG
request submitted 0 ILSVRC2012_val_00002049.JPEG
[2, 6, 2, 1]
request submitted 2 ILSVRC2012_val_00031791.JPEG
request submitted 2 ILSVRC2012_val_00048554.JPEG
[3, 7, 1, 1]
request submitted 1 ILSVRC2012_val_00023323.JPEG
request submitted 1 ILSVRC2012_val_00009608.JPEG
[4, 7, 3, 1]
request submitted 3 ILSVRC2012_val_00021507.JPEG
request submitted 3 ILSVRC2012_val_00011052.JPEG
[1, 4, 0, 1]
request submitted 0 ILSVRC2012_val_00002793.JPEG
request submitted 0 ILSVRC2012_val_00009388.JPEG
[2, 6, 2, 1]
request submitted 2 ILSVRC2012_val_00022991.JPEG
request submitted 2 ILSVRC2012_val_00034809.JPEG
[3, 7, 1, 1]
request submitted 1 ILSVRC2012_val_00028629.JPEG
request submitted 1 ILSVRC2012_val_00004435.JPEG
[4, 7, 3, 1]
request submitted 3 ILSVRC2012_val_00004357.JPEG
request submitted 3 ILSVRC2012_val_00024360.JPEG
[1, 4, 0, 1]
request submitted 0 ILSVRC2012_val_00021452.JPEG
request submitted 0 ILSVRC2012_val_00048090.JPEG
[2, 6, 2, 1]
request submitted 2 ILSVRC2012_val_00042840.JPEG
request submitted 2 ILSVRC2012_val_00028840.JPEG
[3, 7, 1, 1]
request submitted 1 ILSVRC2012_val_00044443.JPEG
request submitted 1 ILSVRC2012_val_00002961.JPEG
[4, 7, 3, 1]
request submitted 3 ILSVRC2012_val_00001474.JPEG
request submitted 3 ILSVRC2012_val_00013974.JPEG
[1, 4, 0, 1]
request submitted 0 ILSVRC2012_val_00039183.JPEG
request submitted 0 ILSVRC2012_val_00024328.JPEG
[2, 6, 2, 1]
request submitted 2 ILSVRC2012_val_00040670.JPEG
request submitted 2 ILSVRC2012_val_00009746.JPEG
[3, 7, 1, 1]
request submitted 1 ILSVRC2012_val_00017081.JPEG
request submitted 1 ILSVRC2012_val_00009302.JPEG
[4, 7, 3, 1]
request submitted 3 ILSVRC2012_val_00000610.JPEG
request submitted 3 ILSVRC2012_val_00042898.JPEG
[1, 4, 0, 1]
request submitted 0 ILSVRC2012_val_00040367.JPEG
request submitted 0 ILSVRC2012_val_00023800.JPEG
[2, 6, 2, 1]
request submitted 2 ILSVRC2012_val_00006417.JPEG
request submitted 2 ILSVRC2012_val_00026552.JPEG
[3, 7, 1, 1]
request submitted 1 ILSVRC2012_val_00012449.JPEG
request submitted 1 ILSVRC2012_val_00032559.JPEG
[4, 7, 3, 1]
request submitted 3 ILSVRC2012_val_00023223.JPEG
request submitted 3 ILSVRC2012_val_00006387.JPEG
[1, 4, 0, 1]
request submitted 0 ILSVRC2012_val_00015853.JPEG
request submitted 0 ILSVRC2012_val_00020484.JPEG
[2, 6, 2, 1]
request submitted 2 ILSVRC2012_val_00020706.JPEG
request submitted 2 ILSVRC2012_val_00038464.JPEG
[3, 7, 1, 1]
request submitted 1 ILSVRC2012_val_00031636.JPEG
request submitted 1 ILSVRC2012_val_00044508.JPEG
[4, 7, 3, 1]
request submitted 3 ILSVRC2012_val_00041012.JPEG
request submitted 3 ILSVRC2012_val_00032114.JPEG
[1, 4, 0, 1]
request submitted 0 ILSVRC2012_val_00011300.JPEG
request submitted 0 ILSVRC2012_val_00049359.JPEG
[2, 6, 2, 1]
request submitted 2 ILSVRC2012_val_00026137.JPEG
request submitted 2 ILSVRC2012_val_00019544.JPEG
[3, 7, 1, 1]
request submitted 1 ILSVRC2012_val_00043939.JPEG
request submitted 1 ILSVRC2012_val_00039414.JPEG
[4, 7, 3, 1]
request submitted 3 ILSVRC2012_val_00039283.JPEG
request submitted 3 ILSVRC2012_val_00023569.JPEG
[1, 4, 0, 1]
request submitted 0 ILSVRC2012_val_00013695.JPEG
request submitted 0 ILSVRC2012_val_00004889.JPEG
[2, 6, 2, 1]
request submitted 2 ILSVRC2012_val_00028121.JPEG
request submitted 2 ILSVRC2012_val_00004960.JPEG
[3, 7, 1, 1]
request submitted 1 ILSVRC2012_val_00033228.JPEG
request submitted 1 ILSVRC2012_val_00017059.JPEG
[4, 7, 3, 1]
request submitted 3 ILSVRC2012_val_00034636.JPEG
request submitted 3 ILSVRC2012_val_00000225.JPEG
[1, 4, 0, 1]
request submitted 0 ILSVRC2012_val_00022359.JPEG
request submitted 0 ILSVRC2012_val_00048783.JPEG
[2, 6, 2, 1]
request submitted 2 ILSVRC2012_val_00012096.JPEG
request submitted 2 ILSVRC2012_val_00005327.JPEG
[3, 7, 1, 1]
request submitted 1 ILSVRC2012_val_00000753.JPEG
request submitted 1 ILSVRC2012_val_00004367.JPEG
[4, 7, 3, 1]
request submitted 3 ILSVRC2012_val_00008999.JPEG
request submitted 3 ILSVRC2012_val_00016695.JPEG
[1, 4, 0, 1]
request submitted 0 ILSVRC2012_val_00011652.JPEG
request submitted 0 ILSVRC2012_val_00029310.JPEG
[2, 6, 2, 1]
request submitted 2 ILSVRC2012_val_00040447.JPEG
request submitted 2 ILSVRC2012_val_00002380.JPEG
[3, 7, 1, 1]
request submitted 1 ILSVRC2012_val_00000461.JPEG
request submitted 1 ILSVRC2012_val_00043192.JPEG
[4, 7, 3, 1]
request submitted 3 ILSVRC2012_val_00043916.JPEG
request submitted 3 ILSVRC2012_val_00024974.JPEG
[1, 4, 0, 1]
request submitted 0 ILSVRC2012_val_00032825.JPEG
request submitted 0 ILSVRC2012_val_00029590.JPEG
[2, 6, 2, 1]
request submitted 2 ILSVRC2012_val_00015657.JPEG
request submitted 2 ILSVRC2012_val_00038511.JPEG
[3, 7, 1, 1]
request submitted 1 ILSVRC2012_val_00040685.JPEG
request submitted 1 ILSVRC2012_val_00012752.JPEG
[4, 7, 3, 1]
request submitted 3 ILSVRC2012_val_00047022.JPEG
request submitted 3 ILSVRC2012_val_00047138.JPEG
[1, 4, 0, 1]
request submitted 0 ILSVRC2012_val_00030052.JPEG
request submitted 0 ILSVRC2012_val_00003755.JPEG
[2, 6, 2, 1]
request submitted 2 ILSVRC2012_val_00003567.JPEG
request submitted 2 ILSVRC2012_val_00049280.JPEG
[3, 7, 1, 1]
request submitted 1 ILSVRC2012_val_00024793.JPEG
request submitted 1 ILSVRC2012_val_00007228.JPEG
[4, 7, 3, 1]
request submitted 3 ILSVRC2012_val_00023032.JPEG
request submitted 3 ILSVRC2012_val_00029349.JPEG
[1, 4, 0, 1]
request submitted 0 ILSVRC2012_val_00022305.JPEG
request submitted 0 ILSVRC2012_val_00040840.JPEG
[2, 6, 2, 1]
request submitted 2 ILSVRC2012_val_00007881.JPEG
request submitted 2 ILSVRC2012_val_00040608.JPEG
[3, 7, 1, 1]
request submitted 1 ILSVRC2012_val_00020516.JPEG
request submitted 1 ILSVRC2012_val_00025230.JPEG
[4, 7, 3, 1]
request submitted 3 ILSVRC2012_val_00041967.JPEG
request submitted 3 ILSVRC2012_val_00033518.JPEG
[1, 4, 0, 1]
request submitted 0 ILSVRC2012_val_00034436.JPEG
request submitted 0 ILSVRC2012_val_00041787.JPEG
[2, 6, 2, 1]
request submitted 2 ILSVRC2012_val_00005519.JPEG
request submitted 2 ILSVRC2012_val_00029810.JPEG
[3, 7, 1, 1]
request submitted 1 ILSVRC2012_val_00008028.JPEG
request submitted 1 ILSVRC2012_val_00046787.JPEG
[4, 7, 3, 1]
request submitted 3 ILSVRC2012_val_00040004.JPEG
request submitted 3 ILSVRC2012_val_00033177.JPEG
[1, 4, 0, 1]
request submitted 0 ILSVRC2012_val_00017011.JPEG
request submitted 0 ILSVRC2012_val_00039393.JPEG
[2, 6, 2, 1]
request submitted 2 ILSVRC2012_val_00047185.JPEG
request submitted 2 ILSVRC2012_val_00027648.JPEG
[3, 7, 1, 1]
request submitted 1 ILSVRC2012_val_00032550.JPEG
request submitted 1 ILSVRC2012_val_00047677.JPEG
[4, 7, 3, 1]
request submitted 3 ILSVRC2012_val_00032831.JPEG
request submitted 3 ILSVRC2012_val_00020366.JPEG
[1, 4, 0, 1]
request submitted 0 ILSVRC2012_val_00028925.JPEG
request submitted 0 ILSVRC2012_val_00004295.JPEG
[2, 6, 2, 1]
request submitted 2 ILSVRC2012_val_00037475.JPEG
request submitted 2 ILSVRC2012_val_00012560.JPEG
[3, 7, 1, 1]
request submitted 1 ILSVRC2012_val_00023650.JPEG
request submitted 1 ILSVRC2012_val_00008931.JPEG
[4, 7, 3, 1]
request submitted 3 ILSVRC2012_val_00025148.JPEG
request submitted 3 ILSVRC2012_val_00043387.JPEG
[1, 4, 0, 1]
request submitted 0 ILSVRC2012_val_00031760.JPEG
request submitted 0 ILSVRC2012_val_00036137.JPEG
[2, 6, 2, 1]
request submitted 2 ILSVRC2012_val_00017635.JPEG
request submitted 2 ILSVRC2012_val_00016328.JPEG
[3, 7, 1, 1]
request submitted 1 ILSVRC2012_val_00019347.JPEG
request submitted 1 ILSVRC2012_val_00040383.JPEG
[4, 7, 3, 1]
request submitted 3 ILSVRC2012_val_00048625.JPEG
request submitted 3 ILSVRC2012_val_00049013.JPEG
[1, 4, 0, 1]
request submitted 0 ILSVRC2012_val_00047840.JPEG
request submitted 0 ILSVRC2012_val_00029761.JPEG
[2, 6, 2, 1]
request submitted 2 ILSVRC2012_val_00046546.JPEG
request submitted 2 ILSVRC2012_val_00037204.JPEG
[3, 7, 1, 1]
request submitted 1 ILSVRC2012_val_00039096.JPEG
request submitted 1 ILSVRC2012_val_00032643.JPEG
[4, 7, 3, 1]
request submitted 3 ILSVRC2012_val_00012786.JPEG
request submitted 3 ILSVRC2012_val_00005515.JPEG
[1, 4, 0, 1]
request submitted 0 ILSVRC2012_val_00047459.JPEG
request submitted 0 ILSVRC2012_val_00008050.JPEG
[2, 6, 2, 1]
request submitted 2 ILSVRC2012_val_00047939.JPEG
request submitted 2 ILSVRC2012_val_00011866.JPEG
[3, 7, 1, 1]
request submitted 1 ILSVRC2012_val_00022933.JPEG
request submitted 1 ILSVRC2012_val_00001240.JPEG
[4, 7, 3, 1]
request submitted 3 ILSVRC2012_val_00034878.JPEG
request submitted 3 ILSVRC2012_val_00000900.JPEG
[1, 4, 0, 1]
request submitted 0 ILSVRC2012_val_00044065.JPEG
request submitted 0 ILSVRC2012_val_00017069.JPEG
[2, 6, 2, 1]
request submitted 2 ILSVRC2012_val_00034664.JPEG
request submitted 2 ILSVRC2012_val_00020595.JPEG
[3, 7, 1, 1]
request submitted 1 ILSVRC2012_val_00014997.JPEG
request submitted 1 ILSVRC2012_val_00042015.JPEG
[4, 7, 3, 1]
request submitted 3 ILSVRC2012_val_00017581.JPEG
request submitted 3 ILSVRC2012_val_00003908.JPEG
[1, 4, 0, 1]
request submitted 0 ILSVRC2012_val_00033170.JPEG
request submitted 0 ILSVRC2012_val_00045154.JPEG
[2, 6, 2, 1]
request submitted 2 ILSVRC2012_val_00004443.JPEG
request submitted 2 ILSVRC2012_val_00012413.JPEG
[3, 7, 1, 1]
request submitted 1 ILSVRC2012_val_00003253.JPEG
request submitted 1 ILSVRC2012_val_00044168.JPEG
[4, 7, 3, 1]
request submitted 3 ILSVRC2012_val_00018515.JPEG
request submitted 3 ILSVRC2012_val_00023829.JPEG
[1, 4, 0, 1]
request submitted 0 ILSVRC2012_val_00039971.JPEG
request submitted 0 ILSVRC2012_val_00009190.JPEG
[2, 6, 2, 1]
request submitted 2 ILSVRC2012_val_00046181.JPEG
request submitted 2 ILSVRC2012_val_00047683.JPEG
[3, 7, 1, 1]
request submitted 1 ILSVRC2012_val_00029065.JPEG
request submitted 1 ILSVRC2012_val_00026958.JPEG
[4, 7, 3, 1]
request submitted 3 ILSVRC2012_val_00019623.JPEG
request submitted 3 ILSVRC2012_val_00038164.JPEG
[1, 4, 0, 1]
request submitted 0 ILSVRC2012_val_00044291.JPEG
request submitted 0 ILSVRC2012_val_00037553.JPEG
[2, 6, 2, 1]
request submitted 2 ILSVRC2012_val_00004577.JPEG
request submitted 2 ILSVRC2012_val_00021477.JPEG
[3, 7, 1, 1]
request submitted 1 ILSVRC2012_val_00027019.JPEG
request submitted 1 ILSVRC2012_val_00046307.JPEG
[4, 7, 3, 1]
request submitted 3 ILSVRC2012_val_00035473.JPEG
request submitted 3 ILSVRC2012_val_00002453.JPEG
[1, 4, 0, 1]
request submitted 0 ILSVRC2012_val_00042485.JPEG
request submitted 0 ILSVRC2012_val_00015095.JPEG
[2, 6, 2, 1]
request submitted 2 ILSVRC2012_val_00015748.JPEG
request submitted 2 ILSVRC2012_val_00016441.JPEG
[3, 7, 1, 1]
request submitted 1 ILSVRC2012_val_00009937.JPEG
request submitted 1 ILSVRC2012_val_00024821.JPEG
[4, 7, 3, 1]
request submitted 3 ILSVRC2012_val_00019104.JPEG
request submitted 3 ILSVRC2012_val_00037623.JPEG
[1, 4, 0, 1]
request submitted 0 ILSVRC2012_val_00012293.JPEG
request submitted 0 ILSVRC2012_val_00033928.JPEG
[2, 6, 2, 1]
request submitted 2 ILSVRC2012_val_00043576.JPEG
request submitted 2 ILSVRC2012_val_00033587.JPEG
[3, 7, 1, 1]
request submitted 1 ILSVRC2012_val_00039220.JPEG
request submitted 1 ILSVRC2012_val_00012190.JPEG
[4, 7, 3, 1]
request submitted 3 ILSVRC2012_val_00022474.JPEG
request submitted 3 ILSVRC2012_val_00034901.JPEG
[1, 4, 0, 1]
request submitted 0 ILSVRC2012_val_00043171.JPEG
request submitted 0 ILSVRC2012_val_00027623.JPEG
[2, 6, 2, 1]
request submitted 2 ILSVRC2012_val_00046782.JPEG
request submitted 2 ILSVRC2012_val_00042913.JPEG
[3, 7, 1, 1]
request submitted 1 ILSVRC2012_val_00038580.JPEG
request submitted 1 ILSVRC2012_val_00036018.JPEG
[4, 7, 3, 1]
request submitted 3 ILSVRC2012_val_00044058.JPEG
request submitted 3 ILSVRC2012_val_00018212.JPEG
[1, 4, 0, 1]
request submitted 0 ILSVRC2012_val_00025483.JPEG
request submitted 0 ILSVRC2012_val_00035240.JPEG
[2, 6, 2, 1]
request submitted 2 ILSVRC2012_val_00008940.JPEG
request submitted 2 ILSVRC2012_val_00049470.JPEG
[3, 7, 1, 1]
request submitted 1 ILSVRC2012_val_00000002.JPEG
request submitted 1 ILSVRC2012_val_00049191.JPEG
[4, 7, 3, 1]
request submitted 3 ILSVRC2012_val_00021046.JPEG
request submitted 3 ILSVRC2012_val_00013526.JPEG
[1, 4, 0, 1]
request submitted 0 ILSVRC2012_val_00045601.JPEG
request submitted 0 ILSVRC2012_val_00036737.JPEG
[2, 6, 2, 1]
request submitted 2 ILSVRC2012_val_00020878.JPEG
request submitted 2 ILSVRC2012_val_00035950.JPEG
[3, 7, 1, 1]
request submitted 1 ILSVRC2012_val_00040301.JPEG
request submitted 1 ILSVRC2012_val_00023281.JPEG
[4, 7, 3, 1]
request submitted 3 ILSVRC2012_val_00016840.JPEG
request submitted 3 ILSVRC2012_val_00004391.JPEG
[1, 4, 0, 1]
request submitted 0 ILSVRC2012_val_00010449.JPEG
request submitted 0 ILSVRC2012_val_00003978.JPEG
[2, 6, 2, 1]
request submitted 2 ILSVRC2012_val_00007169.JPEG
request submitted 2 ILSVRC2012_val_00040981.JPEG
[3, 7, 1, 1]
request submitted 1 ILSVRC2012_val_00034541.JPEG
request submitted 1 ILSVRC2012_val_00011688.JPEG