[[1, 4, 0, 1], [2, 6, 2, 1], [3, 7, 1, 1], [4, 7, 3, 1]]
[1, 4, 0, 1]
request submitted 0 ILSVRC2012_val_00007670.JPEG
request submitted 0 ILSVRC2012_val_00047468.JPEG
[2, 6, 2, 1]
request submitted 2 ILSVRC2012_val_00008116.JPEG
request submitted 2 ILSVRC2012_val_00012047.JPEG
[3, 7, 1, 1]
request submitted 1 ILSVRC2012_val_00040464.JPEG
request submitted 1 ILSVRC2012_val_00009059.JPEG
[4, 7, 3, 1]
request submitted 3 ILSVRC2012_val_00017105.JPEG
request submitted 3 ILSVRC2012_val_00040188.JPEG
[1, 4, 0, 1]
request submitted 0 ILSVRC2012_val_00041265.JPEG
request submitted 0 ILSVRC2012_val_00001569.JPEG
[2, 6, 2, 1]
request submitted 2 ILSVRC2012_val_00004255.JPEG
request submitted 2 ILSVRC2012_val_00016516.JPEG
[3, 7, 1, 1]
request submitted 1 ILSVRC2012_val_00034815.JPEG
request submitted 1 ILSVRC2012_val_00041082.JPEG
[4, 7, 3, 1]
request submitted 3 ILSVRC2012_val_00027119.JPEG
request submitted 3 ILSVRC2012_val_00026159.JPEG
[1, 4, 0, 1]
request submitted 0 ILSVRC2012_val_00004140.JPEG
request submitted 0 ILSVRC2012_val_00015686.JPEG
[2, 6, 2, 1]
request submitted 2 ILSVRC2012_val_00013230.JPEG
request submitted 2 ILSVRC2012_val_00013799.JPEG
[3, 7, 1, 1]
request submitted 1 ILSVRC2012_val_00023861.JPEG
request submitted 1 ILSVRC2012_val_00036827.JPEG
[4, 7, 3, 1]
request submitted 3 ILSVRC2012_val_00019616.JPEG
request submitted 3 ILSVRC2012_val_00036986.JPEG
[1, 4, 0, 1]
request submitted 0 ILSVRC2012_val_00017754.JPEG
request submitted 0 ILSVRC2012_val_00047617.JPEG
[2, 6, 2, 1]
request submitted 2 ILSVRC2012_val_00006653.JPEG
request submitted 2 ILSVRC2012_val_00031530.JPEG
[3, 7, 1, 1]
request submitted 1 ILSVRC2012_val_00001553.JPEG
request submitted 1 ILSVRC2012_val_00003823.JPEG
[4, 7, 3, 1]
request submitted 3 ILSVRC2012_val_00013044.JPEG
request submitted 3 ILSVRC2012_val_00033375.JPEG
[1, 4, 0, 1]
request submitted 0 ILSVRC2012_val_00010332.JPEG
request submitted 0 ILSVRC2012_val_00011508.JPEG
[2, 6, 2, 1]
request submitted 2 ILSVRC2012_val_00043614.JPEG
request submitted 2 ILSVRC2012_val_00001041.JPEG
[3, 7, 1, 1]
request submitted 1 ILSVRC2012_val_00033402.JPEG
request submitted 1 ILSVRC2012_val_00027459.JPEG
[4, 7, 3, 1]
request submitted 3 ILSVRC2012_val_00037097.JPEG
request submitted 3 ILSVRC2012_val_00048275.JPEG
[1, 4, 0, 1]
request submitted 0 ILSVRC2012_val_00020477.JPEG
request submitted 0 ILSVRC2012_val_00016808.JPEG
[2, 6, 2, 1]
request submitted 2 ILSVRC2012_val_00030644.JPEG
request submitted 2 ILSVRC2012_val_00021283.JPEG
[3, 7, 1, 1]
request submitted 1 ILSVRC2012_val_00032136.JPEG
request submitted 1 ILSVRC2012_val_00030505.JPEG
[4, 7, 3, 1]
request submitted 3 ILSVRC2012_val_00011937.JPEG
request submitted 3 ILSVRC2012_val_00001860.JPEG
[1, 4, 0, 1]
request submitted 0 ILSVRC2012_val_00048658.JPEG
request submitted 0 ILSVRC2012_val_00020998.JPEG
[2, 6, 2, 1]
request submitted 2 ILSVRC2012_val_00004025.JPEG
request submitted 2 ILSVRC2012_val_00028157.JPEG
[3, 7, 1, 1]
request submitted 1 ILSVRC2012_val_00001508.JPEG
request submitted 1 ILSVRC2012_val_00007179.JPEG
[4, 7, 3, 1]
request submitted 3 ILSVRC2012_val_00018315.JPEG
request submitted 3 ILSVRC2012_val_00005735.JPEG
[1, 4, 0, 1]
request submitted 0 ILSVRC2012_val_00004945.JPEG
request submitted 0 ILSVRC2012_val_00042663.JPEG
[2, 6, 2, 1]
request submitted 2 ILSVRC2012_val_00026300.JPEG
request submitted 2 ILSVRC2012_val_00044348.JPEG
[3, 7, 1, 1]
request submitted 1 ILSVRC2012_val_00031041.JPEG
request submitted 1 ILSVRC2012_val_00004867.JPEG
[4, 7, 3, 1]
request submitted 3 ILSVRC2012_val_00026714.JPEG
request submitted 3 ILSVRC2012_val_00006304.JPEG
[1, 4, 0, 1]
request submitted 0 ILSVRC2012_val_00030275.JPEG
request submitted 0 ILSVRC2012_val_00016810.JPEG
[2, 6, 2, 1]
request submitted 2 ILSVRC2012_val_00041885.JPEG
request submitted 2 ILSVRC2012_val_00044386.JPEG
[3, 7, 1, 1]
request submitted 1 ILSVRC2012_val_00008201.JPEG
request submitted 1 ILSVRC2012_val_00016842.JPEG
[4, 7, 3, 1]
request submitted 3 ILSVRC2012_val_00014507.JPEG
request submitted 3 ILSVRC2012_val_00019273.JPEG
[1, 4, 0, 1]
request submitted 0 ILSVRC2012_val_00043298.JPEG
request submitted 0 ILSVRC2012_val_00029748.JPEG
[2, 6, 2, 1]
request submitted 2 ILSVRC2012_val_00020263.JPEG
request submitted 2 ILSVRC2012_val_00000430.JPEG
[3, 7, 1, 1]
request submitted 1 ILSVRC2012_val_00018077.JPEG
request submitted 1 ILSVRC2012_val_00003634.JPEG
[4, 7, 3, 1]
request submitted 3 ILSVRC2012_val_00027061.JPEG
request submitted 3 ILSVRC2012_val_00018237.JPEG
[1, 4, 0, 1]
request submitted 0 ILSVRC2012_val_00008077.JPEG
request submitted 0 ILSVRC2012_val_00040070.JPEG
[2, 6, 2, 1]
request submitted 2 ILSVRC2012_val_00003720.JPEG
request submitted 2 ILSVRC2012_val_00046668.JPEG
[3, 7, 1, 1]
request submitted 1 ILSVRC2012_val_00029226.JPEG
request submitted 1 ILSVRC2012_val_00047300.JPEG
[4, 7, 3, 1]
request submitted 3 ILSVRC2012_val_00003183.JPEG
request submitted 3 ILSVRC2012_val_00005859.JPEG
[1, 4, 0, 1]
request submitted 0 ILSVRC2012_val_00019090.JPEG
request submitted 0 ILSVRC2012_val_00043232.JPEG
[2, 6, 2, 1]
request submitted 2 ILSVRC2012_val_00024442.JPEG
request submitted 2 ILSVRC2012_val_00011566.JPEG
[3, 7, 1, 1]
request submitted 1 ILSVRC2012_val_00041012.JPEG
request submitted 1 ILSVRC2012_val_00016171.JPEG
[4, 7, 3, 1]
request submitted 3 ILSVRC2012_val_00035764.JPEG
request submitted 3 ILSVRC2012_val_00042583.JPEG
[1, 4, 0, 1]
request submitted 0 ILSVRC2012_val_00032181.JPEG
request submitted 0 ILSVRC2012_val_00034984.JPEG
[2, 6, 2, 1]
request submitted 2 ILSVRC2012_val_00038043.JPEG
request submitted 2 ILSVRC2012_val_00028987.JPEG
[3, 7, 1, 1]
request submitted 1 ILSVRC2012_val_00045018.JPEG
request submitted 1 ILSVRC2012_val_00031333.JPEG
[4, 7, 3, 1]
request submitted 3 ILSVRC2012_val_00041404.JPEG
request submitted 3 ILSVRC2012_val_00041176.JPEG
[1, 4, 0, 1]
request submitted 0 ILSVRC2012_val_00047639.JPEG
request submitted 0 ILSVRC2012_val_00003522.JPEG
[2, 6, 2, 1]
request submitted 2 ILSVRC2012_val_00041641.JPEG
request submitted 2 ILSVRC2012_val_00034956.JPEG
[3, 7, 1, 1]
request submitted 1 ILSVRC2012_val_00000985.JPEG
request submitted 1 ILSVRC2012_val_00030589.JPEG
[4, 7, 3, 1]
request submitted 3 ILSVRC2012_val_00013237.JPEG
request submitted 3 ILSVRC2012_val_00030810.JPEG
[1, 4, 0, 1]
request submitted 0 ILSVRC2012_val_00019836.JPEG
request submitted 0 ILSVRC2012_val_00034350.JPEG
[2, 6, 2, 1]
request submitted 2 ILSVRC2012_val_00024946.JPEG
request submitted 2 ILSVRC2012_val_00044147.JPEG
[3, 7, 1, 1]
request submitted 1 ILSVRC2012_val_00044259.JPEG
request submitted 1 ILSVRC2012_val_00032687.JPEG
[4, 7, 3, 1]
request submitted 3 ILSVRC2012_val_00036282.JPEG
request submitted 3 ILSVRC2012_val_00031282.JPEG
[1, 4, 0, 1]
request submitted 0 ILSVRC2012_val_00003893.JPEG
request submitted 0 ILSVRC2012_val_00015540.JPEG
[2, 6, 2, 1]
request submitted 2 ILSVRC2012_val_00022238.JPEG
request submitted 2 ILSVRC2012_val_00049479.JPEG
[3, 7, 1, 1]
request submitted 1 ILSVRC2012_val_00022478.JPEG
request submitted 1 ILSVRC2012_val_00047241.JPEG
[4, 7, 3, 1]
request submitted 3 ILSVRC2012_val_00026799.JPEG
request submitted 3 ILSVRC2012_val_00048781.JPEG
[1, 4, 0, 1]
request submitted 0 ILSVRC2012_val_00006597.JPEG
request submitted 0 ILSVRC2012_val_00041706.JPEG
[2, 6, 2, 1]
request submitted 2 ILSVRC2012_val_00004344.JPEG
request submitted 2 ILSVRC2012_val_00036463.JPEG
[3, 7, 1, 1]
request submitted 1 ILSVRC2012_val_00006403.JPEG
request submitted 1 ILSVRC2012_val_00015964.JPEG
[4, 7, 3, 1]
request submitted 3 ILSVRC2012_val_00011826.JPEG
request submitted 3 ILSVRC2012_val_00028815.JPEG
[1, 4, 0, 1]
request submitted 0 ILSVRC2012_val_00015874.JPEG
request submitted 0 ILSVRC2012_val_00003609.JPEG
[2, 6, 2, 1]
request submitted 2 ILSVRC2012_val_00032357.JPEG
request submitted 2 ILSVRC2012_val_00045492.JPEG
[3, 7, 1, 1]
request submitted 1 ILSVRC2012_val_00017749.JPEG
request submitted 1 ILSVRC2012_val_00046894.JPEG
[4, 7, 3, 1]
request submitted 3 ILSVRC2012_val_00046843.JPEG
request submitted 3 ILSVRC2012_val_00029025.JPEG
[1, 4, 0, 1]
request submitted 0 ILSVRC2012_val_00045675.JPEG
request submitted 0 ILSVRC2012_val_00046032.JPEG
[2, 6, 2, 1]
request submitted 2 ILSVRC2012_val_00012485.JPEG
request submitted 2 ILSVRC2012_val_00038660.JPEG
[3, 7, 1, 1]
request submitted 1 ILSVRC2012_val_00012898.JPEG
request submitted 1 ILSVRC2012_val_00005715.JPEG
[4, 7, 3, 1]
request submitted 3 ILSVRC2012_val_00038069.JPEG
request submitted 3 ILSVRC2012_val_00009116.JPEG
[1, 4, 0, 1]
request submitted 0 ILSVRC2012_val_00005428.JPEG
request submitted 0 ILSVRC2012_val_00026118.JPEG
[2, 6, 2, 1]
request submitted 2 ILSVRC2012_val_00045094.JPEG
request submitted 2 ILSVRC2012_val_00008851.JPEG
[3, 7, 1, 1]
request submitted 1 ILSVRC2012_val_00045737.JPEG
request submitted 1 ILSVRC2012_val_00039879.JPEG
[4, 7, 3, 1]
request submitted 3 ILSVRC2012_val_00042689.JPEG
request submitted 3 ILSVRC2012_val_00027490.JPEG
[1, 4, 0, 1]
request submitted 0 ILSVRC2012_val_00014259.JPEG
request submitted 0 ILSVRC2012_val_00037281.JPEG
[2, 6, 2, 1]
request submitted 2 ILSVRC2012_val_00034209.JPEG
request submitted 2 ILSVRC2012_val_00005503.JPEG
[3, 7, 1, 1]
request submitted 1 ILSVRC2012_val_00033518.JPEG
request submitted 1 ILSVRC2012_val_00042493.JPEG
[4, 7, 3, 1]
request submitted 3 ILSVRC2012_val_00034436.JPEG
request submitted 3 ILSVRC2012_val_00031707.JPEG
[1, 4, 0, 1]
request submitted 0 ILSVRC2012_val_00031599.JPEG
request submitted 0 ILSVRC2012_val_00038730.JPEG
[2, 6, 2, 1]
request submitted 2 ILSVRC2012_val_00008730.JPEG
request submitted 2 ILSVRC2012_val_00041123.JPEG
[3, 7, 1, 1]
request submitted 1 ILSVRC2012_val_00007175.JPEG
request submitted 1 ILSVRC2012_val_00035436.JPEG
[4, 7, 3, 1]
request submitted 3 ILSVRC2012_val_00006656.JPEG
request submitted 3 ILSVRC2012_val_00042992.JPEG
[1, 4, 0, 1]
request submitted 0 ILSVRC2012_val_00044994.JPEG
request submitted 0 ILSVRC2012_val_00023348.JPEG
[2, 6, 2, 1]
request submitted 2 ILSVRC2012_val_00044311.JPEG
request submitted 2 ILSVRC2012_val_00038814.JPEG
[3, 7, 1, 1]
request submitted 1 ILSVRC2012_val_00047332.JPEG
request submitted 1 ILSVRC2012_val_00046184.JPEG
[4, 7, 3, 1]
request submitted 3 ILSVRC2012_val_00021963.JPEG
request submitted 3 ILSVRC2012_val_00015254.JPEG
[1, 4, 0, 1]
request submitted 0 ILSVRC2012_val_00044976.JPEG
request submitted 0 ILSVRC2012_val_00038837.JPEG
[2, 6, 2, 1]
request submitted 2 ILSVRC2012_val_00001569.JPEG
request submitted 2 ILSVRC2012_val_00046722.JPEG
[3, 7, 1, 1]
request submitted 1 ILSVRC2012_val_00024173.JPEG
request submitted 1 ILSVRC2012_val_00046943.JPEG
[4, 7, 3, 1]
request submitted 3 ILSVRC2012_val_00020450.JPEG
request submitted 3 ILSVRC2012_val_00046414.JPEG
[1, 4, 0, 1]
request submitted 0 ILSVRC2012_val_00011192.JPEG
request submitted 0 ILSVRC2012_val_00000056.JPEG
[2, 6, 2, 1]
request submitted 2 ILSVRC2012_val_00046223.JPEG
request submitted 2 ILSVRC2012_val_00011000.JPEG
[3, 7, 1, 1]
request submitted 1 ILSVRC2012_val_00016183.JPEG
request submitted 1 ILSVRC2012_val_00015949.JPEG
[4, 7, 3, 1]
request submitted 3 ILSVRC2012_val_00029264.JPEG
request submitted 3 ILSVRC2012_val_00029674.JPEG
[1, 4, 0, 1]
request submitted 0 ILSVRC2012_val_00003929.JPEG
request submitted 0 ILSVRC2012_val_00030418.JPEG
[2, 6, 2, 1]
request submitted 2 ILSVRC2012_val_00002779.JPEG
request submitted 2 ILSVRC2012_val_00028803.JPEG
[3, 7, 1, 1]
request submitted 1 ILSVRC2012_val_00006549.JPEG
request submitted 1 ILSVRC2012_val_00034453.JPEG
[4, 7, 3, 1]
request submitted 3 ILSVRC2012_val_00040134.JPEG
request submitted 3 ILSVRC2012_val_00010491.JPEG
[1, 4, 0, 1]
request submitted 0 ILSVRC2012_val_00046513.JPEG
request submitted 0 ILSVRC2012_val_00024061.JPEG
[2, 6, 2, 1]
request submitted 2 ILSVRC2012_val_00048780.JPEG
request submitted 2 ILSVRC2012_val_00020865.JPEG
[3, 7, 1, 1]
request submitted 1 ILSVRC2012_val_00009778.JPEG
request submitted 1 ILSVRC2012_val_00018101.JPEG
[4, 7, 3, 1]
request submitted 3 ILSVRC2012_val_00006350.JPEG
request submitted 3 ILSVRC2012_val_00002624.JPEG
[1, 4, 0, 1]
request submitted 0 ILSVRC2012_val_00039698.JPEG
request submitted 0 ILSVRC2012_val_00008056.JPEG
[2, 6, 2, 1]
request submitted 2 ILSVRC2012_val_00048532.JPEG
request submitted 2 ILSVRC2012_val_00022057.JPEG
[3, 7, 1, 1]
request submitted 1 ILSVRC2012_val_00012678.JPEG
request submitted 1 ILSVRC2012_val_00026638.JPEG
[4, 7, 3, 1]
request submitted 3 ILSVRC2012_val_00028113.JPEG
request submitted 3 ILSVRC2012_val_00045601.JPEG
[1, 4, 0, 1]
request submitted 0 ILSVRC2012_val_00008701.JPEG
request submitted 0 ILSVRC2012_val_00023505.JPEG
[2, 6, 2, 1]
request submitted 2 ILSVRC2012_val_00024738.JPEG
request submitted 2 ILSVRC2012_val_00039696.JPEG
[3, 7, 1, 1]
request submitted 1 ILSVRC2012_val_00047898.JPEG
request submitted 1 ILSVRC2012_val_00022613.JPEG
[4, 7, 3, 1]
request submitted 3 ILSVRC2012_val_00026612.JPEG
request submitted 3 ILSVRC2012_val_00021446.JPEG
[1, 4, 0, 1]
request submitted 0 ILSVRC2012_val_00049178.JPEG
request submitted 0 ILSVRC2012_val_00045616.JPEG
[2, 6, 2, 1]
request submitted 2 ILSVRC2012_val_00017618.JPEG
request submitted 2 ILSVRC2012_val_00003093.JPEG
[3, 7, 1, 1]
request submitted 1 ILSVRC2012_val_00038914.JPEG
request submitted 1 ILSVRC2012_val_00048490.JPEG
[4, 7, 3, 1]
request submitted 3 ILSVRC2012_val_00022850.JPEG
request submitted 3 ILSVRC2012_val_00017107.JPEG
[1, 4, 0, 1]
request submitted 0 ILSVRC2012_val_00048421.JPEG
request submitted 0 ILSVRC2012_val_00018019.JPEG
[2, 6, 2, 1]
request submitted 2 ILSVRC2012_val_00026446.JPEG
request submitted 2 ILSVRC2012_val_00038070.JPEG
[3, 7, 1, 1]
request submitted 1 ILSVRC2012_val_00005400.JPEG
request submitted 1 ILSVRC2012_val_00047171.JPEG
[4, 7, 3, 1]
request submitted 3 ILSVRC2012_val_00003773.JPEG
request submitted 3 ILSVRC2012_val_00037341.JPEG
[1, 4, 0, 1]
request submitted 0 ILSVRC2012_val_00013931.JPEG
request submitted 0 ILSVRC2012_val_00011781.JPEG
[2, 6, 2, 1]
request submitted 2 ILSVRC2012_val_00048642.JPEG
request submitted 2 ILSVRC2012_val_00038245.JPEG
[3, 7, 1, 1]
request submitted 1 ILSVRC2012_val_00028849.JPEG
request submitted 1 ILSVRC2012_val_00003287.JPEG
[4, 7, 3, 1]
request submitted 3 ILSVRC2012_val_00008134.JPEG
request submitted 3 ILSVRC2012_val_00020331.JPEG
[1, 4, 0, 1]
request submitted 0 ILSVRC2012_val_00003841.JPEG
request submitted 0 ILSVRC2012_val_00025084.JPEG
[2, 6, 2, 1]
request submitted 2 ILSVRC2012_val_00026065.JPEG
request submitted 2 ILSVRC2012_val_00001625.JPEG
[3, 7, 1, 1]
request submitted 1 ILSVRC2012_val_00006186.JPEG
request submitted 1 ILSVRC2012_val_00008808.JPEG
[4, 7, 3, 1]
request submitted 3 ILSVRC2012_val_00006100.JPEG
request submitted 3 ILSVRC2012_val_00026872.JPEG
[1, 4, 0, 1]
request submitted 0 ILSVRC2012_val_00038799.JPEG
request submitted 0 ILSVRC2012_val_00049455.JPEG
[2, 6, 2, 1]
request submitted 2 ILSVRC2012_val_00029625.JPEG
request submitted 2 ILSVRC2012_val_00043974.JPEG
[3, 7, 1, 1]
request submitted 1 ILSVRC2012_val_00008662.JPEG
request submitted 1 ILSVRC2012_val_00027431.JPEG
[4, 7, 3, 1]
request submitted 3 ILSVRC2012_val_00040936.JPEG
request submitted 3 ILSVRC2012_val_00015304.JPEG
[1, 4, 0, 1]
request submitted 0 ILSVRC2012_val_00020452.JPEG
request submitted 0 ILSVRC2012_val_00042226.JPEG
[2, 6, 2, 1]
request submitted 2 ILSVRC2012_val_00024868.JPEG
request submitted 2 ILSVRC2012_val_00006031.JPEG
[3, 7, 1, 1]
request submitted 1 ILSVRC2012_val_00007533.JPEG
request submitted 1 ILSVRC2012_val_00002655.JPEG
[4, 7, 3, 1]
request submitted 3 ILSVRC2012_val_00000213.JPEG
request submitted 3 ILSVRC2012_val_00006637.JPEG
[1, 4, 0, 1]
request submitted 0 ILSVRC2012_val_00022970.JPEG
request submitted 0 ILSVRC2012_val_00024214.JPEG
[2, 6, 2, 1]
request submitted 2 ILSVRC2012_val_00049324.JPEG
request submitted 2 ILSVRC2012_val_00012766.JPEG
[3, 7, 1, 1]
request submitted 1 ILSVRC2012_val_00032364.JPEG
request submitted 1 ILSVRC2012_val_00013169.JPEG
[4, 7, 3, 1]
request submitted 3 ILSVRC2012_val_00010458.JPEG
request submitted 3 ILSVRC2012_val_00028874.JPEG
[1, 4, 0, 1]
request submitted 0 ILSVRC2012_val_00035889.JPEG
request submitted 0 ILSVRC2012_val_00017057.JPEG
[2, 6, 2, 1]
request submitted 2 ILSVRC2012_val_00026424.JPEG
request submitted 2 ILSVRC2012_val_00005334.JPEG
[3, 7, 1, 1]
request submitted 1 ILSVRC2012_val_00045946.JPEG
request submitted 1 ILSVRC2012_val_00000830.JPEG
[4, 7, 3, 1]
request submitted 3 ILSVRC2012_val_00009723.JPEG
request submitted 3 ILSVRC2012_val_00014404.JPEG
[1, 4, 0, 1]
request submitted 0 ILSVRC2012_val_00015454.JPEG
request submitted 0 ILSVRC2012_val_00034680.JPEG
[2, 6, 2, 1]
request submitted 2 ILSVRC2012_val_00022426.JPEG
request submitted 2 ILSVRC2012_val_00049025.JPEG
[3, 7, 1, 1]
request submitted 1 ILSVRC2012_val_00013434.JPEG
request submitted 1 ILSVRC2012_val_00008135.JPEG
[4, 7, 3, 1]
request submitted 3 ILSVRC2012_val_00047405.JPEG
request submitted 3 ILSVRC2012_val_00033237.JPEG
[1, 4, 0, 1]
request submitted 0 ILSVRC2012_val_00029161.JPEG
request submitted 0 ILSVRC2012_val_00036301.JPEG
[2, 6, 2, 1]
request submitted 2 ILSVRC2012_val_00012940.JPEG
request submitted 2 ILSVRC2012_val_00015945.JPEG
[3, 7, 1, 1]
request submitted 1 ILSVRC2012_val_00047115.JPEG
request submitted 1 ILSVRC2012_val_00024602.JPEG
[4, 7, 3, 1]
request submitted 3 ILSVRC2012_val_00038293.JPEG
request submitted 3 ILSVRC2012_val_00017743.JPEG
[1, 4, 0, 1]
request submitted 0 ILSVRC2012_val_00024958.JPEG
request submitted 0 ILSVRC2012_val_00027690.JPEG
[2, 6, 2, 1]
request submitted 2 ILSVRC2012_val_00036839.JPEG
request submitted 2 ILSVRC2012_val_00045907.JPEG
[3, 7, 1, 1]
request submitted 1 ILSVRC2012_val_00042977.JPEG
request submitted 1 ILSVRC2012_val_00006675.JPEG
[4, 7, 3, 1]
request submitted 3 ILSVRC2012_val_00025218.JPEG
request submitted 3 ILSVRC2012_val_00041050.JPEG
[1, 4, 0, 1]
request submitted 0 ILSVRC2012_val_00024224.JPEG
request submitted 0 ILSVRC2012_val_00030019.JPEG
[2, 6, 2, 1]
request submitted 2 ILSVRC2012_val_00049904.JPEG
request submitted 2 ILSVRC2012_val_00011499.JPEG
[3, 7, 1, 1]
request submitted 1 ILSVRC2012_val_00024791.JPEG
request submitted 1 ILSVRC2012_val_00031971.JPEG
[4, 7, 3, 1]
request submitted 3 ILSVRC2012_val_00037343.JPEG
request submitted 3 ILSVRC2012_val_00033922.JPEG
[1, 4, 0, 1]
request submitted 0 ILSVRC2012_val_00038089.JPEG
request submitted 0 ILSVRC2012_val_00000502.JPEG
[2, 6, 2, 1]
request submitted 2 ILSVRC2012_val_00016361.JPEG
request submitted 2 ILSVRC2012_val_00001184.JPEG
[3, 7, 1, 1]
request submitted 1 ILSVRC2012_val_00011312.JPEG
request submitted 1 ILSVRC2012_val_00015094.JPEG
[4, 7, 3, 1]
request submitted 3 ILSVRC2012_val_00022240.JPEG
request submitted 3 ILSVRC2012_val_00034075.JPEG
[1, 4, 0, 1]
request submitted 0 ILSVRC2012_val_00028621.JPEG
request submitted 0 ILSVRC2012_val_00012566.JPEG
[2, 6, 2, 1]
request submitted 2 ILSVRC2012_val_00047754.JPEG
request submitted 2 ILSVRC2012_val_00017246.JPEG
[3, 7, 1, 1]
request submitted 1 ILSVRC2012_val_00039991.JPEG
request submitted 1 ILSVRC2012_val_00035436.JPEG
[4, 7, 3, 1]
request submitted 3 ILSVRC2012_val_00037419.JPEG
request submitted 3 ILSVRC2012_val_00027437.JPEG
[1, 4, 0, 1]
request submitted 0 ILSVRC2012_val_00000414.JPEG
request submitted 0 ILSVRC2012_val_00044637.JPEG
[2, 6, 2, 1]
request submitted 2 ILSVRC2012_val_00020237.JPEG
request submitted 2 ILSVRC2012_val_00030858.JPEG
[3, 7, 1, 1]
request submitted 1 ILSVRC2012_val_00048695.JPEG
request submitted 1 ILSVRC2012_val_00011841.JPEG
[4, 7, 3, 1]
request submitted 3 ILSVRC2012_val_00012111.JPEG
request submitted 3 ILSVRC2012_val_00017985.JPEG
[1, 4, 0, 1]
request submitted 0 ILSVRC2012_val_00004609.JPEG
request submitted 0 ILSVRC2012_val_00034583.JPEG
[2, 6, 2, 1]
request submitted 2 ILSVRC2012_val_00044726.JPEG
request submitted 2 ILSVRC2012_val_00006960.JPEG
[3, 7, 1, 1]
request submitted 1 ILSVRC2012_val_00013806.JPEG
request submitted 1 ILSVRC2012_val_00026645.JPEG
[4, 7, 3, 1]
request submitted 3 ILSVRC2012_val_00005462.JPEG
request submitted 3 ILSVRC2012_val_00040113.JPEG
[1, 4, 0, 1]
request submitted 0 ILSVRC2012_val_00026623.JPEG
request submitted 0 ILSVRC2012_val_00011651.JPEG
[2, 6, 2, 1]
request submitted 2 ILSVRC2012_val_00027515.JPEG
request submitted 2 ILSVRC2012_val_00003731.JPEG
[3, 7, 1, 1]
request submitted 1 ILSVRC2012_val_00008079.JPEG
request submitted 1 ILSVRC2012_val_00026586.JPEG
[4, 7, 3, 1]
request submitted 3 ILSVRC2012_val_00005259.JPEG
request submitted 3 ILSVRC2012_val_00040501.JPEG
[1, 4, 0, 1]
request submitted 0 ILSVRC2012_val_00001438.JPEG
request submitted 0 ILSVRC2012_val_00029222.JPEG
[2, 6, 2, 1]
request submitted 2 ILSVRC2012_val_00028060.JPEG
request submitted 2 ILSVRC2012_val_00017838.JPEG
[3, 7, 1, 1]
request submitted 1 ILSVRC2012_val_00046602.JPEG
request submitted 1 ILSVRC2012_val_00031522.JPEG
[4, 7, 3, 1]
request submitted 3 ILSVRC2012_val_00006447.JPEG
request submitted 3 ILSVRC2012_val_00048127.JPEG
[1, 4, 0, 1]
request submitted 0 ILSVRC2012_val_00026792.JPEG
request submitted 0 ILSVRC2012_val_00049569.JPEG
[2, 6, 2, 1]
request submitted 2 ILSVRC2012_val_00045511.JPEG
request submitted 2 ILSVRC2012_val_00020708.JPEG
[3, 7, 1, 1]
request submitted 1 ILSVRC2012_val_00015932.JPEG
request submitted 1 ILSVRC2012_val_00031794.JPEG
[4, 7, 3, 1]
request submitted 3 ILSVRC2012_val_00038502.JPEG
request submitted 3 ILSVRC2012_val_00033749.JPEG
[1, 4, 0, 1]
request submitted 0 ILSVRC2012_val_00037104.JPEG
request submitted 0 ILSVRC2012_val_00005847.JPEG
[2, 6, 2, 1]
request submitted 2 ILSVRC2012_val_00035524.JPEG
request submitted 2 ILSVRC2012_val_00027728.JPEG
[3, 7, 1, 1]
request submitted 1 ILSVRC2012_val_00032319.JPEG
request submitted 1 ILSVRC2012_val_00017705.JPEG
[4, 7, 3, 1]
request submitted 3 ILSVRC2012_val_00043539.JPEG
request submitted 3 ILSVRC2012_val_00030396.JPEG
[1, 4, 0, 1]
request submitted 0 ILSVRC2012_val_00025959.JPEG
request submitted 0 ILSVRC2012_val_00010206.JPEG
[2, 6, 2, 1]
request submitted 2 ILSVRC2012_val_00003257.JPEG
request submitted 2 ILSVRC2012_val_00049621.JPEG
[3, 7, 1, 1]
request submitted 1 ILSVRC2012_val_00013899.JPEG
request submitted 1 ILSVRC2012_val_00015238.JPEG
[4, 7, 3, 1]
request submitted 3 ILSVRC2012_val_00002489.JPEG
request submitted 3 ILSVRC2012_val_00026694.JPEG
[1, 4, 0, 1]
request submitted 0 ILSVRC2012_val_00046963.JPEG
request submitted 0 ILSVRC2012_val_00044875.JPEG
[2, 6, 2, 1]
request submitted 2 ILSVRC2012_val_00035332.JPEG
request submitted 2 ILSVRC2012_val_00025281.JPEG
[3, 7, 1, 1]
request submitted 1 ILSVRC2012_val_00041649.JPEG
request submitted 1 ILSVRC2012_val_00039479.JPEG
[4, 7, 3, 1]
request submitted 3 ILSVRC2012_val_00034958.JPEG
request submitted 3 ILSVRC2012_val_00019417.JPEG
[1, 4, 0, 1]
request submitted 0 ILSVRC2012_val_00037512.JPEG
request submitted 0 ILSVRC2012_val_00046957.JPEG
[2, 6, 2, 1]
request submitted 2 ILSVRC2012_val_00021639.JPEG
request submitted 2 ILSVRC2012_val_00028035.JPEG
[3, 7, 1, 1]
request submitted 1 ILSVRC2012_val_00035857.JPEG
request submitted 1 ILSVRC2012_val_00043925.JPEG
[4, 7, 3, 1]
request submitted 3 ILSVRC2012_val_00032077.JPEG
request submitted 3 ILSVRC2012_val_00009222.JPEG
[1, 4, 0, 1]
request submitted 0 ILSVRC2012_val_00049427.JPEG
request submitted 0 ILSVRC2012_val_00021654.JPEG
[2, 6, 2, 1]
request submitted 2 ILSVRC2012_val_00034844.JPEG
request submitted 2 ILSVRC2012_val_00001806.JPEG
[3, 7, 1, 1]
request submitted 1 ILSVRC2012_val_00034613.JPEG
request submitted 1 ILSVRC2012_val_00020142.JPEG
[4, 7, 3, 1]
request submitted 3 ILSVRC2012_val_00006896.JPEG
request submitted 3 ILSVRC2012_val_00034377.JPEG
[1, 4, 0, 1]
request submitted 0 ILSVRC2012_val_00010258.JPEG
request submitted 0 ILSVRC2012_val_00044054.JPEG
[2, 6, 2, 1]
request submitted 2 ILSVRC2012_val_00045598.JPEG
request submitted 2 ILSVRC2012_val_00034644.JPEG
[3, 7, 1, 1]
request submitted 1 ILSVRC2012_val_00009227.JPEG
request submitted 1 ILSVRC2012_val_00039132.JPEG
[4, 7, 3, 1]
request submitted 3 ILSVRC2012_val_00005902.JPEG
request submitted 3 ILSVRC2012_val_00004637.JPEG
[1, 4, 0, 1]
request submitted 0 ILSVRC2012_val_00042150.JPEG
request submitted 0 ILSVRC2012_val_00005650.JPEG
[2, 6, 2, 1]
request submitted 2 ILSVRC2012_val_00000496.JPEG
request submitted 2 ILSVRC2012_val_00019664.JPEG
[3, 7, 1, 1]
request submitted 1 ILSVRC2012_val_00043770.JPEG
request submitted 1 ILSVRC2012_val_00039824.JPEG
[4, 7, 3, 1]
request submitted 3 ILSVRC2012_val_00023928.JPEG
request submitted 3 ILSVRC2012_val_00026548.JPEG
[1, 4, 0, 1]
request submitted 0 ILSVRC2012_val_00026473.JPEG
request submitted 0 ILSVRC2012_val_00044428.JPEG